# JRE version: Java(TM) SE Runtime Environment (8.0_161-b12) (build 1.8.0_161-b12)
# Java VM: Java HotSpot(TM) 64-Bit Server VM (25.161-b12 mixed mode bsd-amd64 compressed oops)
Heap:
 PSYoungGen      total 119296K, used 59462K [0x00000007b5580000, 0x00000007c0000000, 0x00000007c0000000)
  eden space 66048K, 45% used [0x00000007b5580000,0x00000007b7326fc8,0x00000007b9600000)
  from space 53248K, 54% used [0x00000007b9600000,0x00000007bb26a858,0x00000007bca00000)
  to   space 53248K, 0% used [0x00000007bcc00000,0x00000007bcc00000,0x00000007c0000000)
 ParOldGen       total 312320K, used 147066K [0x00000007a0000000, 0x00000007b3100000, 0x00000007b5580000)
  object space 312320K, 47% used [0x00000007a0000000,0x00000007a8f9e800,0x00000007b3100000)
 Metaspace       used 13016K, capacity 13262K, committed 13568K, reserved 1060864K
  class space    used 1445K, capacity 1485K, committed 1536K, reserved 1048576K
GC Heap History (10 events):
Event: 9699.946 GC heap before
{Heap before GC invocations=73 (full 15):
 PSYoungGen      total 109056K, used 108152K [0x00000007b5580000, 0x00000007c0000000, 0x00000007c0000000)
  eden space 69120K, 98% used [0x00000007b5580000,0x00000007b9844eb0,0x00000007b9900000)
  from space 39936K, 99% used [0x00000007b9900000,0x00000007bbfd9368,0x00000007bc000000)
  to   space 53248K, 0% used [0x00000007bcc00000,0x00000007bcc00000,0x00000007c0000000)
 ParOldGen       total 187392K, used 70749K [0x00000007a0000000, 0x00000007ab700000, 0x00000007b5580000)
  object space 187392K, 37% used [0x00000007a0000000,0x00000007a45175b0,0x00000007ab700000)
 Metaspace       used 13003K, capacity 13262K, committed 13568K, reserved 1060864K
  class space    used 1445K, capacity 1485K, committed 1536K, reserved 1048576K
Event: 9700.060 GC heap after
Heap after GC invocations=73 (full 15):
 PSYoungGen      total 119296K, used 43374K [0x00000007b5580000, 0x00000007c0000000, 0x00000007c0000000)
  eden space 66048K, 0% used [0x00000007b5580000,0x00000007b5580000,0x00000007b9600000)
  from space 53248K, 81% used [0x00000007bcc00000,0x00000007bf65ba20,0x00000007c0000000)
  to   space 54272K, 0% used [0x00000007b9600000,0x00000007b9600000,0x00000007bcb00000)
 ParOldGen       total 187392K, used 110167K [0x00000007a0000000, 0x00000007ab700000, 0x00000007b5580000)
  object space 187392K, 58% used [0x00000007a0000000,0x00000007a6b95e70,0x00000007ab700000)
 Metaspace       used 13003K, capacity 13262K, committed 13568K, reserved 1060864K
  class space    used 1445K, capacity 1485K, committed 1536K, reserved 1048576K
}
Event: 9700.275 GC heap before
{Heap before GC invocations=74 (full 15):
 PSYoungGen      total 119296K, used 109422K [0x00000007b5580000, 0x00000007c0000000, 0x00000007c0000000)
  eden space 66048K, 100% used [0x00000007b5580000,0x00000007b9600000,0x00000007b9600000)
  from space 53248K, 81% used [0x00000007bcc00000,0x00000007bf65ba20,0x00000007c0000000)
  to   space 54272K, 0% used [0x00000007b9600000,0x00000007b9600000,0x00000007bcb00000)
 ParOldGen       total 187392K, used 110167K [0x00000007a0000000, 0x00000007ab700000, 0x00000007b5580000)
  object space 187392K, 58% used [0x00000007a0000000,0x00000007a6b95e70,0x00000007ab700000)
 Metaspace       used 13015K, capacity 13262K, committed 13568K, reserved 1060864K
  class space    used 1445K, capacity 1485K, committed 1536K, reserved 1048576K
Event: 9700.367 GC heap after
Heap after GC invocations=74 (full 15):
 PSYoungGen      total 120320K, used 41468K [0x00000007b5580000, 0x00000007c0000000, 0x00000007c0000000)
  eden space 66048K, 0% used [0x00000007b5580000,0x00000007b5580000,0x00000007b9600000)
  from space 54272K, 76% used [0x00000007b9600000,0x00000007bbe7f1c8,0x00000007bcb00000)
  to   space 54272K, 0% used [0x00000007bcb00000,0x00000007bcb00000,0x00000007c0000000)
 ParOldGen       total 187392K, used 153513K [0x00000007a0000000, 0x00000007ab700000, 0x00000007b5580000)
  object space 187392K, 81% used [0x00000007a0000000,0x00000007a95ea4c8,0x00000007ab700000)
 Metaspace       used 13015K, capacity 13262K, committed 13568K, reserved 1060864K
  class space    used 1445K, capacity 1485K, committed 1536K, reserved 1048576K
}
Event: 9700.367 GC heap before
{Heap before GC invocations=75 (full 16):
 PSYoungGen      total 120320K, used 41468K [0x00000007b5580000, 0x00000007c0000000, 0x00000007c0000000)
  eden space 66048K, 0% used [0x00000007b5580000,0x00000007b5580000,0x00000007b9600000)
  from space 54272K, 76% used [0x00000007b9600000,0x00000007bbe7f1c8,0x00000007bcb00000)
  to   space 54272K, 0% used [0x00000007bcb00000,0x00000007bcb00000,0x00000007c0000000)
 ParOldGen       total 187392K, used 153513K [0x00000007a0000000, 0x00000007ab700000, 0x00000007b5580000)
  object space 187392K, 81% used [0x00000007a0000000,0x00000007a95ea4c8,0x00000007ab700000)
 Metaspace       used 13015K, capacity 13262K, committed 13568K, reserved 1060864K
  class space    used 1445K, capacity 1485K, committed 1536K, reserved 1048576K
Event: 9700.834 GC heap after
Heap after GC invocations=75 (full 16):
 PSYoungGen      total 120320K, used 0K [0x00000007b5580000, 0x00000007c0000000, 0x00000007c0000000)
  eden space 66048K, 0% used [0x00000007b5580000,0x00000007b5580000,0x00000007b9600000)
  from space 54272K, 0% used [0x00000007b9600000,0x00000007b9600000,0x00000007bcb00000)
  to   space 54272K, 0% used [0x00000007bcb00000,0x00000007bcb00000,0x00000007c0000000)
 ParOldGen       total 312320K, used 146193K [0x00000007a0000000, 0x00000007b3100000, 0x00000007b5580000)
  object space 312320K, 46% used [0x00000007a0000000,0x00000007a8ec47f0,0x00000007b3100000)
 Metaspace       used 13015K, capacity 13262K, committed 13568K, reserved 1060864K
  class space    used 1445K, capacity 1485K, committed 1536K, reserved 1048576K
}
Event: 9722.310 GC heap before
{Heap before GC invocations=76 (full 16):
 PSYoungGen      total 120320K, used 66048K [0x00000007b5580000, 0x00000007c0000000, 0x00000007c0000000)
  eden space 66048K, 100% used [0x00000007b5580000,0x00000007b9600000,0x00000007b9600000)
  from space 54272K, 0% used [0x00000007b9600000,0x00000007b9600000,0x00000007bcb00000)
  to   space 54272K, 0% used [0x00000007bcb00000,0x00000007bcb00000,0x00000007c0000000)
 ParOldGen       total 312320K, used 146193K [0x00000007a0000000, 0x00000007b3100000, 0x00000007b5580000)
  object space 312320K, 46% used [0x00000007a0000000,0x00000007a8ec47f0,0x00000007b3100000)
 Metaspace       used 13015K, capacity 13262K, committed 13568K, reserved 1060864K
  class space    used 1445K, capacity 1485K, committed 1536K, reserved 1048576K
Event: 9722.329 GC heap after
Heap after GC invocations=76 (full 16):
 PSYoungGen      total 118272K, used 38602K [0x00000007b5580000, 0x00000007bfe00000, 0x00000007c0000000)
  eden space 66048K, 0% used [0x00000007b5580000,0x00000007b5580000,0x00000007b9600000)
  from space 52224K, 73% used [0x00000007bcb00000,0x00000007bf0b28b8,0x00000007bfe00000)
  to   space 53248K, 0% used [0x00000007b9600000,0x00000007b9600000,0x00000007bca00000)
 ParOldGen       total 312320K, used 146193K [0x00000007a0000000, 0x00000007b3100000, 0x00000007b5580000)
  object space 312320K, 46% used [0x00000007a0000000,0x00000007a8ec47f0,0x00000007b3100000)
 Metaspace       used 13015K, capacity 13262K, committed 13568K, reserved 1060864K
  class space    used 1445K, capacity 1485K, committed 1536K, reserved 1048576K
}
Event: 10008.284 GC heap before
{Heap before GC invocations=77 (full 16):
 PSYoungGen      total 118272K, used 104650K [0x00000007b5580000, 0x00000007bfe00000, 0x00000007c0000000)
  eden space 66048K, 100% used [0x00000007b5580000,0x00000007b9600000,0x00000007b9600000)
  from space 52224K, 73% used [0x00000007bcb00000,0x00000007bf0b28b8,0x00000007bfe00000)
  to   space 53248K, 0% used [0x00000007b9600000,0x00000007b9600000,0x00000007bca00000)
 ParOldGen       total 312320K, used 146193K [0x00000007a0000000, 0x00000007b3100000, 0x00000007b5580000)
  object space 312320K, 46% used [0x00000007a0000000,0x00000007a8ec47f0,0x00000007b3100000)
 Metaspace       used 13016K, capacity 13262K, committed 13568K, reserved 1060864K
  class space    used 1445K, capacity 1485K, committed 1536K, reserved 1048576K
Event: 10008.354 GC heap after
Heap after GC invocations=77 (full 16):
 PSYoungGen      total 119296K, used 29098K [0x00000007b5580000, 0x00000007c0000000, 0x00000007c0000000)
  eden space 66048K, 0% used [0x00000007b5580000,0x00000007b5580000,0x00000007b9600000)
  from space 53248K, 54% used [0x00000007b9600000,0x00000007bb26a858,0x00000007bca00000)
  to   space 53248K, 0% used [0x00000007bcc00000,0x00000007bcc00000,0x00000007c0000000)
 ParOldGen       total 312320K, used 147066K [0x00000007a0000000, 0x00000007b3100000, 0x00000007b5580000)
  object space 312320K, 47% used [0x00000007a0000000,0x00000007a8f9e800,0x00000007b3100000)
 Metaspace       used 13016K, capacity 13262K, committed 13568K, reserved 1060864K
  class space    used 1445K, capacity 1485K, committed 1536K, reserved 1048576K
}

