# JRE version: Java(TM) SE Runtime Environment (8.0_161-b12) (build 1.8.0_161-b12)
# Java VM: Java HotSpot(TM) 64-Bit Server VM (25.161-b12 mixed mode bsd-amd64 compressed oops)
Heap:
 PSYoungGen      total 116736K, used 45926K [0x00000007b5580000, 0x00000007c0000000, 0x00000007c0000000)
  eden space 58880K, 11% used [0x00000007b5580000,0x00000007b5c5a958,0x00000007b8f00000)
  from space 57856K, 67% used [0x00000007b8f00000,0x00000007bb4ff1c8,0x00000007bc780000)
  to   space 57856K, 0% used [0x00000007bc780000,0x00000007bc780000,0x00000007c0000000)
 ParOldGen       total 254976K, used 150924K [0x00000007a0000000, 0x00000007af900000, 0x00000007b5580000)
  object space 254976K, 59% used [0x00000007a0000000,0x00000007a93631a0,0x00000007af900000)
 Metaspace       used 12629K, capacity 12856K, committed 13056K, reserved 1060864K
  class space    used 1426K, capacity 1460K, committed 1536K, reserved 1048576K
GC Heap History (10 events):
Event: 1197.464 GC heap before
{Heap before GC invocations=19 (full 5):
 PSYoungGen      total 116736K, used 97600K [0x00000007b5580000, 0x00000007c0000000, 0x00000007c0000000)
  eden space 58880K, 100% used [0x00000007b5580000,0x00000007b8f00000,0x00000007b8f00000)
  from space 57856K, 66% used [0x00000007b8f00000,0x00000007bb4d02e0,0x00000007bc780000)
  to   space 57856K, 0% used [0x00000007bc780000,0x00000007bc780000,0x00000007c0000000)
 ParOldGen       total 134144K, used 13323K [0x00000007a0000000, 0x00000007a8300000, 0x00000007b5580000)
  object space 134144K, 9% used [0x00000007a0000000,0x00000007a0d02e40,0x00000007a8300000)
 Metaspace       used 12580K, capacity 12792K, committed 13056K, reserved 1060864K
  class space    used 1426K, capacity 1460K, committed 1536K, reserved 1048576K
Event: 1197.500 GC heap after
Heap after GC invocations=19 (full 5):
 PSYoungGen      total 116736K, used 34810K [0x00000007b5580000, 0x00000007c0000000, 0x00000007c0000000)
  eden space 58880K, 0% used [0x00000007b5580000,0x00000007b5580000,0x00000007b8f00000)
  from space 57856K, 60% used [0x00000007bc780000,0x00000007be97e898,0x00000007c0000000)
  to   space 57856K, 0% used [0x00000007b8f00000,0x00000007b8f00000,0x00000007bc780000)
 ParOldGen       total 134144K, used 51988K [0x00000007a0000000, 0x00000007a8300000, 0x00000007b5580000)
  object space 134144K, 38% used [0x00000007a0000000,0x00000007a32c50f0,0x00000007a8300000)
 Metaspace       used 12580K, capacity 12792K, committed 13056K, reserved 1060864K
  class space    used 1426K, capacity 1460K, committed 1536K, reserved 1048576K
}
Event: 1968.940 GC heap before
{Heap before GC invocations=20 (full 5):
 PSYoungGen      total 116736K, used 93690K [0x00000007b5580000, 0x00000007c0000000, 0x00000007c0000000)
  eden space 58880K, 100% used [0x00000007b5580000,0x00000007b8f00000,0x00000007b8f00000)
  from space 57856K, 60% used [0x00000007bc780000,0x00000007be97e898,0x00000007c0000000)
  to   space 57856K, 0% used [0x00000007b8f00000,0x00000007b8f00000,0x00000007bc780000)
 ParOldGen       total 134144K, used 51988K [0x00000007a0000000, 0x00000007a8300000, 0x00000007b5580000)
  object space 134144K, 38% used [0x00000007a0000000,0x00000007a32c50f0,0x00000007a8300000)
 Metaspace       used 12618K, capacity 12856K, committed 13056K, reserved 1060864K
  class space    used 1426K, capacity 1460K, committed 1536K, reserved 1048576K
Event: 1969.114 GC heap after
Heap after GC invocations=20 (full 5):
 PSYoungGen      total 116736K, used 33914K [0x00000007b5580000, 0x00000007c0000000, 0x00000007c0000000)
  eden space 58880K, 0% used [0x00000007b5580000,0x00000007b5580000,0x00000007b8f00000)
  from space 57856K, 58% used [0x00000007b8f00000,0x00000007bb01e818,0x00000007bc780000)
  to   space 57856K, 0% used [0x00000007bc780000,0x00000007bc780000,0x00000007c0000000)
 ParOldGen       total 134144K, used 86790K [0x00000007a0000000, 0x00000007a8300000, 0x00000007b5580000)
  object space 134144K, 64% used [0x00000007a0000000,0x00000007a54c1980,0x00000007a8300000)
 Metaspace       used 12618K, capacity 12856K, committed 13056K, reserved 1060864K
  class space    used 1426K, capacity 1460K, committed 1536K, reserved 1048576K
}
Event: 1969.114 GC heap before
{Heap before GC invocations=21 (full 6):
 PSYoungGen      total 116736K, used 33914K [0x00000007b5580000, 0x00000007c0000000, 0x00000007c0000000)
  eden space 58880K, 0% used [0x00000007b5580000,0x00000007b5580000,0x00000007b8f00000)
  from space 57856K, 58% used [0x00000007b8f00000,0x00000007bb01e818,0x00000007bc780000)
  to   space 57856K, 0% used [0x00000007bc780000,0x00000007bc780000,0x00000007c0000000)
 ParOldGen       total 134144K, used 86790K [0x00000007a0000000, 0x00000007a8300000, 0x00000007b5580000)
  object space 134144K, 64% used [0x00000007a0000000,0x00000007a54c1980,0x00000007a8300000)
 Metaspace       used 12618K, capacity 12856K, committed 13056K, reserved 1060864K
  class space    used 1426K, capacity 1460K, committed 1536K, reserved 1048576K
Event: 1969.844 GC heap after
Heap after GC invocations=21 (full 6):
 PSYoungGen      total 116736K, used 0K [0x00000007b5580000, 0x00000007c0000000, 0x00000007c0000000)
  eden space 58880K, 0% used [0x00000007b5580000,0x00000007b5580000,0x00000007b8f00000)
  from space 57856K, 0% used [0x00000007b8f00000,0x00000007b8f00000,0x00000007bc780000)
  to   space 57856K, 0% used [0x00000007bc780000,0x00000007bc780000,0x00000007c0000000)
 ParOldGen       total 254976K, used 119459K [0x00000007a0000000, 0x00000007af900000, 0x00000007b5580000)
  object space 254976K, 46% used [0x00000007a0000000,0x00000007a74a8c68,0x00000007af900000)
 Metaspace       used 12593K, capacity 12820K, committed 13056K, reserved 1060864K
  class space    used 1423K, capacity 1454K, committed 1536K, reserved 1048576K
}
Event: 2225.708 GC heap before
{Heap before GC invocations=22 (full 6):
 PSYoungGen      total 116736K, used 55965K [0x00000007b5580000, 0x00000007c0000000, 0x00000007c0000000)
  eden space 58880K, 95% used [0x00000007b5580000,0x00000007b8c27748,0x00000007b8f00000)
  from space 57856K, 0% used [0x00000007b8f00000,0x00000007b8f00000,0x00000007bc780000)
  to   space 57856K, 0% used [0x00000007bc780000,0x00000007bc780000,0x00000007c0000000)
 ParOldGen       total 254976K, used 119459K [0x00000007a0000000, 0x00000007af900000, 0x00000007b5580000)
  object space 254976K, 46% used [0x00000007a0000000,0x00000007a74a8c68,0x00000007af900000)
 Metaspace       used 12606K, capacity 12838K, committed 13056K, reserved 1060864K
  class space    used 1425K, capacity 1457K, committed 1536K, reserved 1048576K
Event: 2225.726 GC heap after
Heap after GC invocations=22 (full 6):
 PSYoungGen      total 116736K, used 34948K [0x00000007b5580000, 0x00000007c0000000, 0x00000007c0000000)
  eden space 58880K, 0% used [0x00000007b5580000,0x00000007b5580000,0x00000007b8f00000)
  from space 57856K, 60% used [0x00000007bc780000,0x00000007be9a1268,0x00000007c0000000)
  to   space 57856K, 0% used [0x00000007b8f00000,0x00000007b8f00000,0x00000007bc780000)
 ParOldGen       total 254976K, used 119459K [0x00000007a0000000, 0x00000007af900000, 0x00000007b5580000)
  object space 254976K, 46% used [0x00000007a0000000,0x00000007a74a8c68,0x00000007af900000)
 Metaspace       used 12606K, capacity 12838K, committed 13056K, reserved 1060864K
  class space    used 1425K, capacity 1457K, committed 1536K, reserved 1048576K
}
Event: 2225.994 GC heap before
{Heap before GC invocations=23 (full 6):
 PSYoungGen      total 116736K, used 93828K [0x00000007b5580000, 0x00000007c0000000, 0x00000007c0000000)
  eden space 58880K, 100% used [0x00000007b5580000,0x00000007b8f00000,0x00000007b8f00000)
  from space 57856K, 60% used [0x00000007bc780000,0x00000007be9a1268,0x00000007c0000000)
  to   space 57856K, 0% used [0x00000007b8f00000,0x00000007b8f00000,0x00000007bc780000)
 ParOldGen       total 254976K, used 119459K [0x00000007a0000000, 0x00000007af900000, 0x00000007b5580000)
  object space 254976K, 46% used [0x00000007a0000000,0x00000007a74a8c68,0x00000007af900000)
 Metaspace       used 12628K, capacity 12856K, committed 13056K, reserved 1060864K
  class space    used 1426K, capacity 1460K, committed 1536K, reserved 1048576K
Event: 2226.066 GC heap after
Heap after GC invocations=23 (full 6):
 PSYoungGen      total 116736K, used 38908K [0x00000007b5580000, 0x00000007c0000000, 0x00000007c0000000)
  eden space 58880K, 0% used [0x00000007b5580000,0x00000007b5580000,0x00000007b8f00000)
  from space 57856K, 67% used [0x00000007b8f00000,0x00000007bb4ff1c8,0x00000007bc780000)
  to   space 57856K, 0% used [0x00000007bc780000,0x00000007bc780000,0x00000007c0000000)
 ParOldGen       total 254976K, used 150924K [0x00000007a0000000, 0x00000007af900000, 0x00000007b5580000)
  object space 254976K, 59% used [0x00000007a0000000,0x00000007a93631a0,0x00000007af900000)
 Metaspace       used 12628K, capacity 12856K, committed 13056K, reserved 1060864K
  class space    used 1426K, capacity 1460K, committed 1536K, reserved 1048576K
}

